Virtual User Script started at: 05/10/2018 14:42:14
Starting action vuser_init.
Web Turbo Replay of LoadRunner 12.60.0 for Windows 10; build 971 (août 09 2018 11:27:13)  	[MsgId: MMSG-26983]
Run mode: HTML  	[MsgId: MMSG-26993]
Replay user agent: Mozilla/5.0 (Windows NT 10.0; WOW64; Trident/7.0; rv:11.0) like Gecko  	[MsgId: MMSG-26988]
Runtime Settings file: "C:\Users\stagiaire\Documents\VuGen\Scripts\Petstore2_v2\\default.cfg"  	[MsgId: MMSG-27141]
vuser_init.c(3): web_set_sockets_option started  	[MsgId: MMSG-26355]
vuser_init.c(3): web_set_sockets_option was successful  	[MsgId: MMSG-26392]
vuser_init.c(5): Notify: Transaction "Accueil" started.
vuser_init.c(7): web_reg_find started  	[MsgId: MMSG-26355]
vuser_init.c(7): Registering web_reg_find was successful  	[MsgId: MMSG-26390]
vuser_init.c(10): web_url("catalog") started  	[MsgId: MMSG-26355]
vuser_init.c(10): Found resource "https://jpetstore.cfapps.io/css/jpetstore.css" in HTML "https://jpetstore.cfapps.io/catalog"  	[MsgId: MMSG-26659]
vuser_init.c(10): Found resource "https://jpetstore.cfapps.io/images/logo-topbar.gif" in HTML "https://jpetstore.cfapps.io/catalog"  	[MsgId: MMSG-26659]
vuser_init.c(10): Found resource "https://jpetstore.cfapps.io/images/cart.gif" in HTML "https://jpetstore.cfapps.io/catalog"  	[MsgId: MMSG-26659]
vuser_init.c(10): Found resource "https://jpetstore.cfapps.io/images/separator.gif" in HTML "https://jpetstore.cfapps.io/catalog"  	[MsgId: MMSG-26659]
vuser_init.c(10): Found resource "https://jpetstore.cfapps.io/images/sm_fish.gif" in HTML "https://jpetstore.cfapps.io/catalog"  	[MsgId: MMSG-26659]
vuser_init.c(10): Found resource "https://jpetstore.cfapps.io/images/sm_dogs.gif" in HTML "https://jpetstore.cfapps.io/catalog"  	[MsgId: MMSG-26659]
vuser_init.c(10): Found resource "https://jpetstore.cfapps.io/images/sm_reptiles.gif" in HTML "https://jpetstore.cfapps.io/catalog"  	[MsgId: MMSG-26659]
vuser_init.c(10): Found resource "https://jpetstore.cfapps.io/images/sm_cats.gif" in HTML "https://jpetstore.cfapps.io/catalog"  	[MsgId: MMSG-26659]
vuser_init.c(10): Found resource "https://jpetstore.cfapps.io/images/sm_birds.gif" in HTML "https://jpetstore.cfapps.io/catalog"  	[MsgId: MMSG-26659]
vuser_init.c(10): Found resource "https://jpetstore.cfapps.io/images/fish_icon.gif" in HTML "https://jpetstore.cfapps.io/catalog"  	[MsgId: MMSG-26659]
vuser_init.c(10): Found resource "https://jpetstore.cfapps.io/images/dogs_icon.gif" in HTML "https://jpetstore.cfapps.io/catalog"  	[MsgId: MMSG-26659]
vuser_init.c(10): Found resource "https://jpetstore.cfapps.io/images/reptiles_icon.gif" in HTML "https://jpetstore.cfapps.io/catalog"  	[MsgId: MMSG-26659]
vuser_init.c(10): Found resource "https://jpetstore.cfapps.io/images/cats_icon.gif" in HTML "https://jpetstore.cfapps.io/catalog"  	[MsgId: MMSG-26659]
vuser_init.c(10): Found resource "https://jpetstore.cfapps.io/images/birds_icon.gif" in HTML "https://jpetstore.cfapps.io/catalog"  	[MsgId: MMSG-26659]
vuser_init.c(10): Found resource "https://jpetstore.cfapps.io/images/splash.gif" in HTML "https://jpetstore.cfapps.io/catalog"  	[MsgId: MMSG-26659]
vuser_init.c(10): Downloading resource "https://jpetstore.cfapps.io/favicon.ico" (specified by argument number 10)  	[MsgId: MMSG-26577]
vuser_init.c(10): Registered web_reg_find successful for "Text=JPetStore Demo" (count=1)  	[MsgId: MMSG-26364]
vuser_init.c(10): web_url("catalog") was successful, 56994 body bytes, 8605 header bytes  	[MsgId: MMSG-26386]
vuser_init.c(22): Notify: Transaction "Accueil" ended with a "Pass" status (Duration: 2.3046 Wasted Time: 0.1092).
Ending action vuser_init.
Running Vuser...
Starting iteration 1.
Starting action AddAnimal_RemoveAnimal.
SelectAnimal.c(3): Notify: Transaction "ClickAnimal" started.
SelectAnimal.c(5): web_reg_find started  	[MsgId: MMSG-26355]
SelectAnimal.c(5): Registering web_reg_find was successful  	[MsgId: MMSG-26390]
SelectAnimal.c(8): web_reg_find started  	[MsgId: MMSG-26355]
SelectAnimal.c(8): Notify: Parameter Substitution: parameter "Category" =  "REPTILES"
SelectAnimal.c(8): Registering web_reg_find was successful  	[MsgId: MMSG-26390]
SelectAnimal.c(17): web_reg_save_param_ex started  	[MsgId: MMSG-26355]
SelectAnimal.c(17): Notify: Parameter Substitution: parameter "Category" =  "REPTILES"
SelectAnimal.c(17): Registering web_reg_save_param_ex was successful  	[MsgId: MMSG-26390]
SelectAnimal.c(28): web_url("Animal") started  	[MsgId: MMSG-26355]
SelectAnimal.c(28): Notify: Parameter Substitution: parameter "Category" =  "REPTILES"
SelectAnimal.c(28): Found resource "https://jpetstore.cfapps.io/css/jpetstore.css" in HTML "https://jpetstore.cfapps.io/catalog/categories/REPTILES"  	[MsgId: MMSG-26659]
SelectAnimal.c(28): Found resource "https://jpetstore.cfapps.io/images/logo-topbar.gif" in HTML "https://jpetstore.cfapps.io/catalog/categories/REPTILES"  	[MsgId: MMSG-26659]
SelectAnimal.c(28): Found resource "https://jpetstore.cfapps.io/images/cart.gif" in HTML "https://jpetstore.cfapps.io/catalog/categories/REPTILES"  	[MsgId: MMSG-26659]
SelectAnimal.c(28): Found resource "https://jpetstore.cfapps.io/images/separator.gif" in HTML "https://jpetstore.cfapps.io/catalog/categories/REPTILES"  	[MsgId: MMSG-26659]
SelectAnimal.c(28): Found resource "https://jpetstore.cfapps.io/images/sm_fish.gif" in HTML "https://jpetstore.cfapps.io/catalog/categories/REPTILES"  	[MsgId: MMSG-26659]
SelectAnimal.c(28): Found resource "https://jpetstore.cfapps.io/images/sm_dogs.gif" in HTML "https://jpetstore.cfapps.io/catalog/categories/REPTILES"  	[MsgId: MMSG-26659]
SelectAnimal.c(28): Found resource "https://jpetstore.cfapps.io/images/sm_reptiles.gif" in HTML "https://jpetstore.cfapps.io/catalog/categories/REPTILES"  	[MsgId: MMSG-26659]
SelectAnimal.c(28): Found resource "https://jpetstore.cfapps.io/images/sm_cats.gif" in HTML "https://jpetstore.cfapps.io/catalog/categories/REPTILES"  	[MsgId: MMSG-26659]
SelectAnimal.c(28): Found resource "https://jpetstore.cfapps.io/images/sm_birds.gif" in HTML "https://jpetstore.cfapps.io/catalog/categories/REPTILES"  	[MsgId: MMSG-26659]
SelectAnimal.c(28): Downloading resource "https://jpetstore.cfapps.io/favicon.ico" (specified by argument number 10)  	[MsgId: MMSG-26577]
SelectAnimal.c(28): Notify: Saving Parameter "ProductID_1 = RP-SN-01".
SelectAnimal.c(28): Notify: Saving Parameter "ProductID_2 = RP-LI-02".
SelectAnimal.c(28): Notify: Saving Parameter "ProductID_count = 2".
SelectAnimal.c(28): Registered web_reg_find successful for "Text=JPetStore Demo" (count=1)  	[MsgId: MMSG-26364]
SelectAnimal.c(28): Registered web_reg_find successful for "Text=REPTILES" (count=1)  	[MsgId: MMSG-26364]
SelectAnimal.c(28): web_url("Animal") was successful, 16692 body bytes, 5452 header bytes  	[MsgId: MMSG-26386]
SelectAnimal.c(40): Notify: Transaction "ClickAnimal" ended with a "Pass" status (Duration: 0,5652 Wasted Time: 0,0615).
SelectAnimal.c(42): Notify: Parameter Substitution: parameter "ProductID_count" =  "2"
SelectAnimal.c(42): Notify: Parameter Substitution: parameter "ProductID_1" =  "RP-SN-01"
SelectAnimal.c(42): Notify: Saving Parameter "randProduct = RP-SN-01".
SelectProduct.c(5): Notify: Transaction "ClickProduct" started.
SelectProduct.c(7): web_reg_find started  	[MsgId: MMSG-26355]
SelectProduct.c(7): Registering web_reg_find was successful  	[MsgId: MMSG-26390]
SelectProduct.c(10): web_reg_find started  	[MsgId: MMSG-26355]
SelectProduct.c(10): Notify: Parameter Substitution: parameter "randProduct" =  "RP-SN-01"
SelectProduct.c(10): Registering web_reg_find was successful  	[MsgId: MMSG-26390]
SelectProduct.c(17): web_reg_save_param_ex started  	[MsgId: MMSG-26355]
SelectProduct.c(17): Notify: Parameter Substitution: parameter "randProduct" =  "RP-SN-01"
SelectProduct.c(17): Registering web_reg_save_param_ex was successful  	[MsgId: MMSG-26390]
SelectProduct.c(27): web_url("ProductID") started  	[MsgId: MMSG-26355]
SelectProduct.c(27): Notify: Parameter Substitution: parameter "randProduct" =  "RP-SN-01"
SelectProduct.c(27): Notify: Parameter Substitution: parameter "Category" =  "REPTILES"
SelectProduct.c(27): Found resource "https://jpetstore.cfapps.io/css/jpetstore.css" in HTML "https://jpetstore.cfapps.io/catalog/products/RP-SN-01"  	[MsgId: MMSG-26659]
SelectProduct.c(27): Found resource "https://jpetstore.cfapps.io/images/logo-topbar.gif" in HTML "https://jpetstore.cfapps.io/catalog/products/RP-SN-01"  	[MsgId: MMSG-26659]
SelectProduct.c(27): Found resource "https://jpetstore.cfapps.io/images/cart.gif" in HTML "https://jpetstore.cfapps.io/catalog/products/RP-SN-01"  	[MsgId: MMSG-26659]
SelectProduct.c(27): Found resource "https://jpetstore.cfapps.io/images/separator.gif" in HTML "https://jpetstore.cfapps.io/catalog/products/RP-SN-01"  	[MsgId: MMSG-26659]
SelectProduct.c(27): Found resource "https://jpetstore.cfapps.io/images/sm_fish.gif" in HTML "https://jpetstore.cfapps.io/catalog/products/RP-SN-01"  	[MsgId: MMSG-26659]
SelectProduct.c(27): Found resource "https://jpetstore.cfapps.io/images/sm_dogs.gif" in HTML "https://jpetstore.cfapps.io/catalog/products/RP-SN-01"  	[MsgId: MMSG-26659]
SelectProduct.c(27): Found resource "https://jpetstore.cfapps.io/images/sm_reptiles.gif" in HTML "https://jpetstore.cfapps.io/catalog/products/RP-SN-01"  	[MsgId: MMSG-26659]
SelectProduct.c(27): Found resource "https://jpetstore.cfapps.io/images/sm_cats.gif" in HTML "https://jpetstore.cfapps.io/catalog/products/RP-SN-01"  	[MsgId: MMSG-26659]
SelectProduct.c(27): Found resource "https://jpetstore.cfapps.io/images/sm_birds.gif" in HTML "https://jpetstore.cfapps.io/catalog/products/RP-SN-01"  	[MsgId: MMSG-26659]
SelectProduct.c(27): Downloading resource "https://jpetstore.cfapps.io/favicon.ico" (specified by argument number 10)  	[MsgId: MMSG-26577]
SelectProduct.c(27): Notify: Saving Parameter "itemId_1 = EST-11".
SelectProduct.c(27): Notify: Saving Parameter "itemId_2 = EST-12".
SelectProduct.c(27): Notify: Saving Parameter "itemId_count = 2".
SelectProduct.c(27): Registered web_reg_find successful for "Text=JPetStore Demo" (count=1)  	[MsgId: MMSG-26364]
SelectProduct.c(27): Registered web_reg_find successful for "Text=RP-SN-01" (count=2)  	[MsgId: MMSG-26364]
SelectProduct.c(27): web_url("ProductID") was successful, 18017 body bytes, 5458 header bytes, 19 chunking overhead bytes  	[MsgId: MMSG-26385]
SelectProduct.c(39): Notify: Transaction "ClickProduct" ended with a "Pass" status (Duration: 0.4718 Wasted Time: 0.0514).
AddAnimal_RemoveAnimal.c(7): Notify: Parameter Substitution: parameter "itemId_count" =  "2"
AddAnimal_RemoveAnimal.c(9): Notify: Parameter Substitution: parameter "itemId_1" =  "EST-11"
AddAnimal_RemoveAnimal.c(9): Notify: Saving Parameter "randItem = EST-11".
SelectItem.c(3): Notify: Transaction "ClickItem" started.
SelectItem.c(5): web_reg_find started  	[MsgId: MMSG-26355]
SelectItem.c(5): Registering web_reg_find was successful  	[MsgId: MMSG-26390]
SelectItem.c(8): web_reg_find started  	[MsgId: MMSG-26355]
SelectItem.c(8): Notify: Parameter Substitution: parameter "randItem" =  "EST-11"
SelectItem.c(8): Registering web_reg_find was successful  	[MsgId: MMSG-26390]
SelectItem.c(11): web_url("ItemID") started  	[MsgId: MMSG-26355]
SelectItem.c(11): Notify: Parameter Substitution: parameter "randItem" =  "EST-11"
SelectItem.c(11): Notify: Parameter Substitution: parameter "randProduct" =  "RP-SN-01"
SelectItem.c(11): Found resource "https://jpetstore.cfapps.io/css/jpetstore.css" in HTML "https://jpetstore.cfapps.io/catalog/items/EST-11"  	[MsgId: MMSG-26659]
SelectItem.c(11): Found resource "https://jpetstore.cfapps.io/images/logo-topbar.gif" in HTML "https://jpetstore.cfapps.io/catalog/items/EST-11"  	[MsgId: MMSG-26659]
SelectItem.c(11): Found resource "https://jpetstore.cfapps.io/images/cart.gif" in HTML "https://jpetstore.cfapps.io/catalog/items/EST-11"  	[MsgId: MMSG-26659]
SelectItem.c(11): Found resource "https://jpetstore.cfapps.io/images/separator.gif" in HTML "https://jpetstore.cfapps.io/catalog/items/EST-11"  	[MsgId: MMSG-26659]
SelectItem.c(11): Found resource "https://jpetstore.cfapps.io/images/sm_fish.gif" in HTML "https://jpetstore.cfapps.io/catalog/items/EST-11"  	[MsgId: MMSG-26659]
SelectItem.c(11): Found resource "https://jpetstore.cfapps.io/images/sm_dogs.gif" in HTML "https://jpetstore.cfapps.io/catalog/items/EST-11"  	[MsgId: MMSG-26659]
SelectItem.c(11): Found resource "https://jpetstore.cfapps.io/images/sm_reptiles.gif" in HTML "https://jpetstore.cfapps.io/catalog/items/EST-11"  	[MsgId: MMSG-26659]
SelectItem.c(11): Found resource "https://jpetstore.cfapps.io/images/sm_cats.gif" in HTML "https://jpetstore.cfapps.io/catalog/items/EST-11"  	[MsgId: MMSG-26659]
SelectItem.c(11): Found resource "https://jpetstore.cfapps.io/images/sm_birds.gif" in HTML "https://jpetstore.cfapps.io/catalog/items/EST-11"  	[MsgId: MMSG-26659]
SelectItem.c(11): Found resource "https://jpetstore.cfapps.io/images/snake1.gif" in HTML "https://jpetstore.cfapps.io/catalog/items/EST-11"  	[MsgId: MMSG-26659]
SelectItem.c(11): Downloading resource "https://jpetstore.cfapps.io/favicon.ico" (specified by argument number 10)  	[MsgId: MMSG-26577]
SelectItem.c(11): Registered web_reg_find successful for "Text=JPetStore Demo" (count=1)  	[MsgId: MMSG-26364]
SelectItem.c(11): Registered web_reg_find successful for "Text=EST-11" (count=2)  	[MsgId: MMSG-26364]
SelectItem.c(11): web_url("ItemID") was successful, 30723 body bytes, 5958 header bytes, 19 chunking overhead bytes  	[MsgId: MMSG-26385]
SelectItem.c(23): Notify: Transaction "ClickItem" ended with a "Pass" status (Duration: 0,6113 Wasted Time: 0,0598).
ManageCart.c(3): Notify: Transaction "AddCart" started.
ManageCart.c(5): web_reg_find started  	[MsgId: MMSG-26355]
ManageCart.c(5): Registering web_reg_find was successful  	[MsgId: MMSG-26390]
ManageCart.c(8): web_reg_find started  	[MsgId: MMSG-26355]
ManageCart.c(8): Registering web_reg_find was successful  	[MsgId: MMSG-26390]
ManageCart.c(11): web_url("Add to Cart") started  	[MsgId: MMSG-26355]
ManageCart.c(11): Notify: Parameter Substitution: parameter "randItem" =  "EST-11"
ManageCart.c(11): Notify: Parameter Substitution: parameter "randItem" =  "EST-11"
ManageCart.c(11): Redirecting "https://jpetstore.cfapps.io/cart?add&itemId=EST-11" (redirection depth is 0)  	[MsgId: MMSG-26694]
ManageCart.c(11): To location "https://jpetstore.cfapps.io/cart"  	[MsgId: MMSG-26693]
ManageCart.c(11): Found resource "https://jpetstore.cfapps.io/css/jpetstore.css" in HTML "https://jpetstore.cfapps.io/cart"  	[MsgId: MMSG-26659]
ManageCart.c(11): Found resource "https://jpetstore.cfapps.io/images/logo-topbar.gif" in HTML "https://jpetstore.cfapps.io/cart"  	[MsgId: MMSG-26659]
ManageCart.c(11): Found resource "https://jpetstore.cfapps.io/images/cart.gif" in HTML "https://jpetstore.cfapps.io/cart"  	[MsgId: MMSG-26659]
ManageCart.c(11): Found resource "https://jpetstore.cfapps.io/images/separator.gif" in HTML "https://jpetstore.cfapps.io/cart"  	[MsgId: MMSG-26659]
ManageCart.c(11): Found resource "https://jpetstore.cfapps.io/images/sm_fish.gif" in HTML "https://jpetstore.cfapps.io/cart"  	[MsgId: MMSG-26659]
ManageCart.c(11): Found resource "https://jpetstore.cfapps.io/images/sm_dogs.gif" in HTML "https://jpetstore.cfapps.io/cart"  	[MsgId: MMSG-26659]
ManageCart.c(11): Found resource "https://jpetstore.cfapps.io/images/sm_reptiles.gif" in HTML "https://jpetstore.cfapps.io/cart"  	[MsgId: MMSG-26659]
ManageCart.c(11): Found resource "https://jpetstore.cfapps.io/images/sm_cats.gif" in HTML "https://jpetstore.cfapps.io/cart"  	[MsgId: MMSG-26659]
ManageCart.c(11): Found resource "https://jpetstore.cfapps.io/images/sm_birds.gif" in HTML "https://jpetstore.cfapps.io/cart"  	[MsgId: MMSG-26659]
ManageCart.c(11): Downloading resource "https://jpetstore.cfapps.io/favicon.ico" (specified by argument number 10)  	[MsgId: MMSG-26577]
ManageCart.c(11): Registered web_reg_find successful for "Text=JPetStore Demo" (count=1)  	[MsgId: MMSG-26364]
ManageCart.c(11): Registered web_reg_find successful for "Text=Shopping Cart" (count=1)  	[MsgId: MMSG-26364]
ManageCart.c(11): web_url("Add to Cart") was successful, 18982 body bytes, 5933 header bytes, 19 chunking overhead bytes  	[MsgId: MMSG-26385]
ManageCart.c(23): Notify: Transaction "AddCart" ended with a "Pass" status (Duration: 0,6867 Wasted Time: 0,0561).
ManageCart.c(27): Notify: Transaction "Remove" started.
ManageCart.c(29): web_reg_find started  	[MsgId: MMSG-26355]
ManageCart.c(29): Registering web_reg_find was successful  	[MsgId: MMSG-26390]
ManageCart.c(32): web_reg_find started  	[MsgId: MMSG-26355]
ManageCart.c(32): Registering web_reg_find was successful  	[MsgId: MMSG-26390]
ManageCart.c(35): web_url("Remove") started  	[MsgId: MMSG-26355]
ManageCart.c(35): Notify: Parameter Substitution: parameter "randItem" =  "EST-11"
ManageCart.c(35): Redirecting "https://jpetstore.cfapps.io/cart?remove&itemId=EST-11" (redirection depth is 0)  	[MsgId: MMSG-26694]
ManageCart.c(35): To location "https://jpetstore.cfapps.io/cart"  	[MsgId: MMSG-26693]
ManageCart.c(35): Found resource "https://jpetstore.cfapps.io/css/jpetstore.css" in HTML "https://jpetstore.cfapps.io/cart"  	[MsgId: MMSG-26659]
ManageCart.c(35): Found resource "https://jpetstore.cfapps.io/images/logo-topbar.gif" in HTML "https://jpetstore.cfapps.io/cart"  	[MsgId: MMSG-26659]
ManageCart.c(35): Found resource "https://jpetstore.cfapps.io/images/cart.gif" in HTML "https://jpetstore.cfapps.io/cart"  	[MsgId: MMSG-26659]
ManageCart.c(35): Found resource "https://jpetstore.cfapps.io/images/separator.gif" in HTML "https://jpetstore.cfapps.io/cart"  	[MsgId: MMSG-26659]
ManageCart.c(35): Found resource "https://jpetstore.cfapps.io/images/sm_fish.gif" in HTML "https://jpetstore.cfapps.io/cart"  	[MsgId: MMSG-26659]
ManageCart.c(35): Found resource "https://jpetstore.cfapps.io/images/sm_dogs.gif" in HTML "https://jpetstore.cfapps.io/cart"  	[MsgId: MMSG-26659]
ManageCart.c(35): Found resource "https://jpetstore.cfapps.io/images/sm_reptiles.gif" in HTML "https://jpetstore.cfapps.io/cart"  	[MsgId: MMSG-26659]
ManageCart.c(35): Found resource "https://jpetstore.cfapps.io/images/sm_cats.gif" in HTML "https://jpetstore.cfapps.io/cart"  	[MsgId: MMSG-26659]
ManageCart.c(35): Found resource "https://jpetstore.cfapps.io/images/sm_birds.gif" in HTML "https://jpetstore.cfapps.io/cart"  	[MsgId: MMSG-26659]
ManageCart.c(35): Downloading resource "https://jpetstore.cfapps.io/favicon.ico" (specified by argument number 10)  	[MsgId: MMSG-26577]
ManageCart.c(35): Registered web_reg_find successful for "Text=JPetStore Demo" (count=1)  	[MsgId: MMSG-26364]
ManageCart.c(35): Registered web_reg_find successful for "Text=Your cart is empty." (count=1)  	[MsgId: MMSG-26364]
ManageCart.c(35): web_url("Remove") was successful, 17207 body bytes, 5933 header bytes, 19 chunking overhead bytes  	[MsgId: MMSG-26385]
ManageCart.c(47): Notify: Transaction "Remove" ended with a "Pass" status (Duration: 0,5758 Wasted Time: 0,0522).
AddAnimal_RemoveAnimal.c(7): Notify: Parameter Substitution: parameter "itemId_count" =  "2"
AddAnimal_RemoveAnimal.c(9): Notify: Parameter Substitution: parameter "itemId_2" =  "EST-12"
AddAnimal_RemoveAnimal.c(9): Notify: Saving Parameter "randItem = EST-12".
SelectItem.c(3): Notify: Transaction "ClickItem" started.
SelectItem.c(5): web_reg_find started  	[MsgId: MMSG-26355]
SelectItem.c(5): Registering web_reg_find was successful  	[MsgId: MMSG-26390]
SelectItem.c(8): web_reg_find started  	[MsgId: MMSG-26355]
SelectItem.c(8): Notify: Parameter Substitution: parameter "randItem" =  "EST-12"
SelectItem.c(8): Registering web_reg_find was successful  	[MsgId: MMSG-26390]
SelectItem.c(11): web_url("ItemID") started  	[MsgId: MMSG-26355]
SelectItem.c(11): Notify: Parameter Substitution: parameter "randItem" =  "EST-12"
SelectItem.c(11): Notify: Parameter Substitution: parameter "randProduct" =  "RP-SN-01"
SelectItem.c(11): Found resource "https://jpetstore.cfapps.io/css/jpetstore.css" in HTML "https://jpetstore.cfapps.io/catalog/items/EST-12"  	[MsgId: MMSG-26659]
SelectItem.c(11): Found resource "https://jpetstore.cfapps.io/images/logo-topbar.gif" in HTML "https://jpetstore.cfapps.io/catalog/items/EST-12"  	[MsgId: MMSG-26659]
SelectItem.c(11): Found resource "https://jpetstore.cfapps.io/images/cart.gif" in HTML "https://jpetstore.cfapps.io/catalog/items/EST-12"  	[MsgId: MMSG-26659]
SelectItem.c(11): Found resource "https://jpetstore.cfapps.io/images/separator.gif" in HTML "https://jpetstore.cfapps.io/catalog/items/EST-12"  	[MsgId: MMSG-26659]
SelectItem.c(11): Found resource "https://jpetstore.cfapps.io/images/sm_fish.gif" in HTML "https://jpetstore.cfapps.io/catalog/items/EST-12"  	[MsgId: MMSG-26659]
SelectItem.c(11): Found resource "https://jpetstore.cfapps.io/images/sm_dogs.gif" in HTML "https://jpetstore.cfapps.io/catalog/items/EST-12"  	[MsgId: MMSG-26659]
SelectItem.c(11): Found resource "https://jpetstore.cfapps.io/images/sm_reptiles.gif" in HTML "https://jpetstore.cfapps.io/catalog/items/EST-12"  	[MsgId: MMSG-26659]
SelectItem.c(11): Found resource "https://jpetstore.cfapps.io/images/sm_cats.gif" in HTML "https://jpetstore.cfapps.io/catalog/items/EST-12"  	[MsgId: MMSG-26659]
SelectItem.c(11): Found resource "https://jpetstore.cfapps.io/images/sm_birds.gif" in HTML "https://jpetstore.cfapps.io/catalog/items/EST-12"  	[MsgId: MMSG-26659]
SelectItem.c(11): Found resource "https://jpetstore.cfapps.io/images/snake1.gif" in HTML "https://jpetstore.cfapps.io/catalog/items/EST-12"  	[MsgId: MMSG-26659]
SelectItem.c(11): Downloading resource "https://jpetstore.cfapps.io/favicon.ico" (specified by argument number 10)  	[MsgId: MMSG-26577]
SelectItem.c(11): Registered web_reg_find successful for "Text=JPetStore Demo" (count=1)  	[MsgId: MMSG-26364]
SelectItem.c(11): Registered web_reg_find successful for "Text=EST-12" (count=2)  	[MsgId: MMSG-26364]
SelectItem.c(11): web_url("ItemID") was successful, 30725 body bytes, 5952 header bytes  	[MsgId: MMSG-26386]
SelectItem.c(23): Notify: Transaction "ClickItem" ended with a "Pass" status (Duration: 0.6075 Wasted Time: 0.0637).
ManageCart.c(3): Notify: Transaction "AddCart" started.
ManageCart.c(5): web_reg_find started  	[MsgId: MMSG-26355]
ManageCart.c(5): Registering web_reg_find was successful  	[MsgId: MMSG-26390]
ManageCart.c(8): web_reg_find started  	[MsgId: MMSG-26355]
ManageCart.c(8): Registering web_reg_find was successful  	[MsgId: MMSG-26390]
ManageCart.c(11): web_url("Add to Cart") started  	[MsgId: MMSG-26355]
ManageCart.c(11): Notify: Parameter Substitution: parameter "randItem" =  "EST-12"
ManageCart.c(11): Notify: Parameter Substitution: parameter "randItem" =  "EST-12"
ManageCart.c(11): Redirecting "https://jpetstore.cfapps.io/cart?add&itemId=EST-12" (redirection depth is 0)  	[MsgId: MMSG-26694]
ManageCart.c(11): To location "https://jpetstore.cfapps.io/cart"  	[MsgId: MMSG-26693]
ManageCart.c(11): Found resource "https://jpetstore.cfapps.io/css/jpetstore.css" in HTML "https://jpetstore.cfapps.io/cart"  	[MsgId: MMSG-26659]
ManageCart.c(11): Found resource "https://jpetstore.cfapps.io/images/logo-topbar.gif" in HTML "https://jpetstore.cfapps.io/cart"  	[MsgId: MMSG-26659]
ManageCart.c(11): Found resource "https://jpetstore.cfapps.io/images/cart.gif" in HTML "https://jpetstore.cfapps.io/cart"  	[MsgId: MMSG-26659]
ManageCart.c(11): Found resource "https://jpetstore.cfapps.io/images/separator.gif" in HTML "https://jpetstore.cfapps.io/cart"  	[MsgId: MMSG-26659]
ManageCart.c(11): Found resource "https://jpetstore.cfapps.io/images/sm_fish.gif" in HTML "https://jpetstore.cfapps.io/cart"  	[MsgId: MMSG-26659]
ManageCart.c(11): Found resource "https://jpetstore.cfapps.io/images/sm_dogs.gif" in HTML "https://jpetstore.cfapps.io/cart"  	[MsgId: MMSG-26659]
ManageCart.c(11): Found resource "https://jpetstore.cfapps.io/images/sm_reptiles.gif" in HTML "https://jpetstore.cfapps.io/cart"  	[MsgId: MMSG-26659]
ManageCart.c(11): Found resource "https://jpetstore.cfapps.io/images/sm_cats.gif" in HTML "https://jpetstore.cfapps.io/cart"  	[MsgId: MMSG-26659]
ManageCart.c(11): Found resource "https://jpetstore.cfapps.io/images/sm_birds.gif" in HTML "https://jpetstore.cfapps.io/cart"  	[MsgId: MMSG-26659]
ManageCart.c(11): Downloading resource "https://jpetstore.cfapps.io/favicon.ico" (specified by argument number 10)  	[MsgId: MMSG-26577]
ManageCart.c(11): Registered web_reg_find successful for "Text=JPetStore Demo" (count=1)  	[MsgId: MMSG-26364]
ManageCart.c(11): Registered web_reg_find successful for "Text=Shopping Cart" (count=1)  	[MsgId: MMSG-26364]
ManageCart.c(11): web_url("Add to Cart") was successful, 18983 body bytes, 5927 header bytes  	[MsgId: MMSG-26386]
ManageCart.c(23): Notify: Transaction "AddCart" ended with a "Pass" status (Duration: 0,7106 Wasted Time: 0,0530).
ManageCart.c(27): Notify: Transaction "Remove" started.
ManageCart.c(29): web_reg_find started  	[MsgId: MMSG-26355]
ManageCart.c(29): Registering web_reg_find was successful  	[MsgId: MMSG-26390]
ManageCart.c(32): web_reg_find started  	[MsgId: MMSG-26355]
ManageCart.c(32): Registering web_reg_find was successful  	[MsgId: MMSG-26390]
ManageCart.c(35): web_url("Remove") started  	[MsgId: MMSG-26355]
ManageCart.c(35): Notify: Parameter Substitution: parameter "randItem" =  "EST-12"
ManageCart.c(35): Redirecting "https://jpetstore.cfapps.io/cart?remove&itemId=EST-12" (redirection depth is 0)  	[MsgId: MMSG-26694]
ManageCart.c(35): To location "https://jpetstore.cfapps.io/cart"  	[MsgId: MMSG-26693]
ManageCart.c(35): Found resource "https://jpetstore.cfapps.io/css/jpetstore.css" in HTML "https://jpetstore.cfapps.io/cart"  	[MsgId: MMSG-26659]
ManageCart.c(35): Found resource "https://jpetstore.cfapps.io/images/logo-topbar.gif" in HTML "https://jpetstore.cfapps.io/cart"  	[MsgId: MMSG-26659]
ManageCart.c(35): Found resource "https://jpetstore.cfapps.io/images/cart.gif" in HTML "https://jpetstore.cfapps.io/cart"  	[MsgId: MMSG-26659]
ManageCart.c(35): Found resource "https://jpetstore.cfapps.io/images/separator.gif" in HTML "https://jpetstore.cfapps.io/cart"  	[MsgId: MMSG-26659]
ManageCart.c(35): Found resource "https://jpetstore.cfapps.io/images/sm_fish.gif" in HTML "https://jpetstore.cfapps.io/cart"  	[MsgId: MMSG-26659]
ManageCart.c(35): Found resource "https://jpetstore.cfapps.io/images/sm_dogs.gif" in HTML "https://jpetstore.cfapps.io/cart"  	[MsgId: MMSG-26659]
ManageCart.c(35): Found resource "https://jpetstore.cfapps.io/images/sm_reptiles.gif" in HTML "https://jpetstore.cfapps.io/cart"  	[MsgId: MMSG-26659]
ManageCart.c(35): Found resource "https://jpetstore.cfapps.io/images/sm_cats.gif" in HTML "https://jpetstore.cfapps.io/cart"  	[MsgId: MMSG-26659]
ManageCart.c(35): Found resource "https://jpetstore.cfapps.io/images/sm_birds.gif" in HTML "https://jpetstore.cfapps.io/cart"  	[MsgId: MMSG-26659]
ManageCart.c(35): Downloading resource "https://jpetstore.cfapps.io/favicon.ico" (specified by argument number 10)  	[MsgId: MMSG-26577]
ManageCart.c(35): Registered web_reg_find successful for "Text=JPetStore Demo" (count=1)  	[MsgId: MMSG-26364]
ManageCart.c(35): Registered web_reg_find successful for "Text=Your cart is empty." (count=1)  	[MsgId: MMSG-26364]
ManageCart.c(35): web_url("Remove") was successful, 17207 body bytes, 5933 header bytes, 19 chunking overhead bytes  	[MsgId: MMSG-26385]
ManageCart.c(47): Notify: Transaction "Remove" ended with a "Pass" status (Duration: 0,5853 Wasted Time: 0,0725).
AddAnimal_RemoveAnimal.c(7): Notify: Parameter Substitution: parameter "itemId_count" =  "2"
Ending action AddAnimal_RemoveAnimal.
Ending iteration 1.
Ending Vuser...
Starting action vuser_end.
Ending action vuser_end.
Vuser Terminated.
Vuser 0 (thread 15476), ended OK."
